<?xml version="1.0" encoding="UTF-8"?>
<!-- Generated by org.testng.reporters.JUnitReportReporter -->
<testsuite skipped="0" hostname="Gazis-MacBook-Pro.local" name="com.tt.testngrunner.TestngRunner" tests="1" failures="0" timestamp="17 Sep 2019 07:04:05 GMT" time="27.608" errors="0">
  <testcase name="feature" time="27.608" classname="com.tt.testngrunner.TestngRunner"/>
</testsuite> <!-- com.tt.testngrunner.TestngRunner -->
