<?xml version="1.0" encoding="UTF-8"?>
<!-- Generated by org.testng.reporters.JUnitReportReporter -->
<testsuite skipped="0" hostname="Gazis-MacBook-Pro.local" name="com.tt.testngrunner.TestngRunner" tests="2" failures="0" timestamp="26 Sep 2019 00:47:48 GMT" time="44.080" errors="0">
  <testcase name="feature" time="19.740" classname="com.tt.testngrunner.TestngRunner"/>
  <testcase name="feature" time="24.340" classname="com.tt.testngrunner.TestngRunner"/>
</testsuite> <!-- com.tt.testngrunner.TestngRunner -->
